<?xml version="1.0" encoding="UTF-8"?>
<testsuite name="Tests" tests="1" skipped="0" failures="0" errors="0" timestamp="2022-01-02T17:29:18" hostname="DESKTOP-34C11D5" time="3.873">
  <properties/>
  <testcase name="start" classname="Tests" time="3.873"/>
  <system-out><![CDATA[?[1;31m
Start test 1?[0m

  .   ____          _            __ _ _
 /\\ / ___'_ __ _ _(_)_ __  __ _ \ \ \ \
( ( )\___ | '_ | '_| | '_ \/ _` | \ \ \ \
 \\/  ___)| |_)| | | | | || (_| |  ) ) ) )
  '  |____| .__|_| |_|_| |_\__, | / / / /
 =========|_|==============|___/=/_/_/_/
 :: Spring Boot ::                (v2.5.6)

2022-01-02 19:29:18.888  INFO 24556 --- [    Test worker] task.Main                                : Starting Main using Java 17.0.1 on DESKTOP-34C11D5 with PID 24556 (started by Vova in C:\Users\Vova\IdeaProjects\Jetbrains\Cinema Room REST Service\Topics\Handling requests with bodies\Important message)
2022-01-02 19:29:18.891  INFO 24556 --- [    Test worker] task.Main                                : No active profile set, falling back to default profiles: default
2022-01-02 19:29:20.439  INFO 24556 --- [    Test worker] o.s.b.w.embedded.tomcat.TomcatWebServer  : Tomcat initialized with port(s): 28852 (http)
2022-01-02 19:29:20.455  INFO 24556 --- [    Test worker] o.apache.catalina.core.StandardService   : Starting service [Tomcat]
2022-01-02 19:29:20.455  INFO 24556 --- [    Test worker] org.apache.catalina.core.StandardEngine  : Starting Servlet engine: [Apache Tomcat/9.0.54]
2022-01-02 19:29:20.566  INFO 24556 --- [    Test worker] o.a.c.c.C.[Tomcat].[localhost].[/]       : Initializing Spring embedded WebApplicationContext
2022-01-02 19:29:20.566  INFO 24556 --- [    Test worker] w.s.c.ServletWebServerApplicationContext : Root WebApplicationContext: initialization completed in 1616 ms
2022-01-02 19:29:21.409  INFO 24556 --- [    Test worker] o.s.b.a.e.web.EndpointLinksResolver      : Exposing 14 endpoint(s) beneath base path '/actuator'
2022-01-02 19:29:21.466  INFO 24556 --- [    Test worker] o.s.b.w.embedded.tomcat.TomcatWebServer  : Tomcat started on port(s): 28852 (http) with context path ''
2022-01-02 19:29:21.484  INFO 24556 --- [    Test worker] task.Main                                : Started Main in 2.997 seconds (JVM running for 3.777)
2022-01-02 19:29:21.888  INFO 24556 --- [io-28852-exec-1] o.a.c.c.C.[Tomcat].[localhost].[/]       : Initializing Spring DispatcherServlet 'dispatcherServlet'
2022-01-02 19:29:21.889  INFO 24556 --- [io-28852-exec-1] o.s.web.servlet.DispatcherServlet        : Initializing Servlet 'dispatcherServlet'
2022-01-02 19:29:21.890  INFO 24556 --- [io-28852-exec-1] o.s.web.servlet.DispatcherServlet        : Completed initialization in 1 ms
?[1;31m
Start test 2?[0m
?[1;31m
Start test 3?[0m
?[1;31m
Start test 4?[0m
?[1;31m
Start test 5?[0m
?[1;31m
Start test 6?[0m
?[1;31m
Start test 7?[0m
?[1;31m
Start test 8?[0m
]]></system-out>
  <system-err><![CDATA[]]></system-err>
</testsuite>
