<?xml version="1.0" encoding="UTF-8"?>
<testsuite name="Tests" tests="1" skipped="0" failures="0" errors="0" timestamp="2022-01-02T16:37:26" hostname="DESKTOP-34C11D5" time="4.289">
  <properties/>
  <testcase name="start" classname="Tests" time="4.289"/>
  <system-out><![CDATA[?[1;31m
Start test 1?[0m

  .   ____          _            __ _ _
 /\\ / ___'_ __ _ _(_)_ __  __ _ \ \ \ \
( ( )\___ | '_ | '_| | '_ \/ _` | \ \ \ \
 \\/  ___)| |_)| | | | | || (_| |  ) ) ) )
  '  |____| .__|_| |_|_| |_\__, | / / / /
 =========|_|==============|___/=/_/_/_/
 :: Spring Boot ::                (v2.5.6)

2022-01-02 18:37:26.853  INFO 7300 --- [    Test worker] task.Main                                : Starting Main using Java 17.0.1 on DESKTOP-34C11D5 with PID 7300 (started by Vova in C:\Users\Vova\IdeaProjects\Jetbrains\Cinema Room REST Service\Topics\Handling requests with bodies\Receiving and returning products)
2022-01-02 18:37:26.853  INFO 7300 --- [    Test worker] task.Main                                : No active profile set, falling back to default profiles: default
2022-01-02 18:37:28.525  INFO 7300 --- [    Test worker] o.s.b.w.embedded.tomcat.TomcatWebServer  : Tomcat initialized with port(s): 28852 (http)
2022-01-02 18:37:28.542  INFO 7300 --- [    Test worker] o.apache.catalina.core.StandardService   : Starting service [Tomcat]
2022-01-02 18:37:28.543  INFO 7300 --- [    Test worker] org.apache.catalina.core.StandardEngine  : Starting Servlet engine: [Apache Tomcat/9.0.54]
2022-01-02 18:37:28.657  INFO 7300 --- [    Test worker] o.a.c.c.C.[Tomcat].[localhost].[/]       : Initializing Spring embedded WebApplicationContext
2022-01-02 18:37:28.658  INFO 7300 --- [    Test worker] w.s.c.ServletWebServerApplicationContext : Root WebApplicationContext: initialization completed in 1741 ms
2022-01-02 18:37:29.741  INFO 7300 --- [    Test worker] o.s.b.a.e.web.EndpointLinksResolver      : Exposing 14 endpoint(s) beneath base path '/actuator'
2022-01-02 18:37:29.801  INFO 7300 --- [    Test worker] o.s.b.w.embedded.tomcat.TomcatWebServer  : Tomcat started on port(s): 28852 (http) with context path ''
2022-01-02 18:37:29.821  INFO 7300 --- [    Test worker] task.Main                                : Started Main in 3.414 seconds (JVM running for 4.218)
2022-01-02 18:37:30.229  INFO 7300 --- [io-28852-exec-1] o.a.c.c.C.[Tomcat].[localhost].[/]       : Initializing Spring DispatcherServlet 'dispatcherServlet'
2022-01-02 18:37:30.229  INFO 7300 --- [io-28852-exec-1] o.s.web.servlet.DispatcherServlet        : Initializing Servlet 'dispatcherServlet'
2022-01-02 18:37:30.230  INFO 7300 --- [io-28852-exec-1] o.s.web.servlet.DispatcherServlet        : Completed initialization in 1 ms
?[1;31m
Start test 2?[0m
?[1;31m
Start test 3?[0m
]]></system-out>
  <system-err><![CDATA[]]></system-err>
</testsuite>
